<?xml version="1.0" encoding="UTF-8"?>
<testng-results ignored="0" total="3" passed="2" failed="1" skipped="0">
  <reporter-output>
  </reporter-output>
  <suite started-at="2024-01-09T15:50:15 IST" name="Default suite" finished-at="2024-01-09T15:50:55 IST" duration-ms="39918">
    <groups>
    </groups>
    <test started-at="2024-01-09T15:50:15 IST" name="Default test" finished-at="2024-01-09T15:50:55 IST" duration-ms="39918">
      <class name="com.qa.testcases.SignInPageTest">
        <test-method is-config="true" signature="setUp()[pri:0, instance:com.qa.testcases.SignInPageTest@75437611]" started-at="2024-01-09T15:50:15 IST" name="setUp" finished-at="2024-01-09T15:50:24 IST" duration-ms="8736" status="PASS">
          <reporter-output>
          </reporter-output>
        </test-method> <!-- setUp -->
        <test-method signature="enterUserDetailsTest()[pri:1, instance:com.qa.testcases.SignInPageTest@75437611]" started-at="2024-01-09T15:50:24 IST" name="enterUserDetailsTest" finished-at="2024-01-09T15:50:27 IST" duration-ms="2975" status="PASS">
          <reporter-output>
          </reporter-output>
        </test-method> <!-- enterUserDetailsTest -->
        <test-method is-config="true" signature="tearDown()[pri:0, instance:com.qa.testcases.SignInPageTest@75437611]" started-at="2024-01-09T15:50:27 IST" name="tearDown" finished-at="2024-01-09T15:50:27 IST" duration-ms="452" status="PASS">
          <reporter-output>
          </reporter-output>
        </test-method> <!-- tearDown -->
        <test-method is-config="true" signature="setUp()[pri:0, instance:com.qa.testcases.SignInPageTest@75437611]" started-at="2024-01-09T15:50:27 IST" name="setUp" finished-at="2024-01-09T15:50:30 IST" duration-ms="2841" status="PASS">
          <reporter-output>
          </reporter-output>
        </test-method> <!-- setUp -->
        <test-method signature="titleTest()[pri:2, instance:com.qa.testcases.SignInPageTest@75437611]" started-at="2024-01-09T15:50:30 IST" name="titleTest" finished-at="2024-01-09T15:50:32 IST" duration-ms="2086" status="FAIL">
          <exception class="java.lang.AssertionError">
            <message>
              <![CDATA[expected [Amazon Sign In] but found [Amazon.in]]]>
            </message>
            <full-stacktrace>
              <![CDATA[java.lang.AssertionError: expected [Amazon Sign In] but found [Amazon.in]
at org.testng.Assert.fail(Assert.java:110)
at org.testng.Assert.failNotEquals(Assert.java:1577)
at org.testng.Assert.assertEqualsImpl(Assert.java:149)
at org.testng.Assert.assertEquals(Assert.java:131)
at org.testng.Assert.assertEquals(Assert.java:655)
at org.testng.Assert.assertEquals(Assert.java:665)
at com.qa.testcases.SignInPageTest.titleTest(SignInPageTest.java:50)
at java.base/jdk.internal.reflect.NativeMethodAccessorImpl.invoke0(Native Method)
at java.base/jdk.internal.reflect.NativeMethodAccessorImpl.invoke(NativeMethodAccessorImpl.java:77)
at java.base/jdk.internal.reflect.DelegatingMethodAccessorImpl.invoke(DelegatingMethodAccessorImpl.java:43)
at java.base/java.lang.reflect.Method.invoke(Method.java:568)
at org.testng.internal.invokers.MethodInvocationHelper.invokeMethod(MethodInvocationHelper.java:139)
at org.testng.internal.invokers.TestInvoker.invokeMethod(TestInvoker.java:677)
at org.testng.internal.invokers.TestInvoker.invokeTestMethod(TestInvoker.java:221)
at org.testng.internal.invokers.MethodRunner.runInSequence(MethodRunner.java:50)
at org.testng.internal.invokers.TestInvoker$MethodInvocationAgent.invoke(TestInvoker.java:969)
at org.testng.internal.invokers.TestInvoker.invokeTestMethods(TestInvoker.java:194)
at org.testng.internal.invokers.TestMethodWorker.invokeTestMethods(TestMethodWorker.java:148)
at org.testng.internal.invokers.TestMethodWorker.run(TestMethodWorker.java:128)
at java.base/java.util.ArrayList.forEach(ArrayList.java:1511)
at org.testng.TestRunner.privateRun(TestRunner.java:829)
at org.testng.TestRunner.run(TestRunner.java:602)
at org.testng.SuiteRunner.runTest(SuiteRunner.java:437)
at org.testng.SuiteRunner.runSequentially(SuiteRunner.java:431)
at org.testng.SuiteRunner.privateRun(SuiteRunner.java:391)
at org.testng.SuiteRunner.run(SuiteRunner.java:330)
at org.testng.SuiteRunnerWorker.runSuite(SuiteRunnerWorker.java:52)
at org.testng.SuiteRunnerWorker.run(SuiteRunnerWorker.java:95)
at org.testng.TestNG.runSuitesSequentially(TestNG.java:1256)
at org.testng.TestNG.runSuitesLocally(TestNG.java:1176)
at org.testng.TestNG.runSuites(TestNG.java:1099)
at org.testng.TestNG.run(TestNG.java:1067)
at org.testng.remote.AbstractRemoteTestNG.run(AbstractRemoteTestNG.java:115)
at org.testng.remote.RemoteTestNG.initAndRun(RemoteTestNG.java:251)
at org.testng.remote.RemoteTestNG.main(RemoteTestNG.java:77)
]]>
            </full-stacktrace>
          </exception> <!-- java.lang.AssertionError -->
          <reporter-output>
          </reporter-output>
        </test-method> <!-- titleTest -->
        <test-method is-config="true" signature="tearDown()[pri:0, instance:com.qa.testcases.SignInPageTest@75437611]" started-at="2024-01-09T15:50:32 IST" name="tearDown" finished-at="2024-01-09T15:50:33 IST" duration-ms="326" status="PASS">
          <reporter-output>
          </reporter-output>
        </test-method> <!-- tearDown -->
        <test-method is-config="true" signature="setUp()[pri:0, instance:com.qa.testcases.SignInPageTest@75437611]" started-at="2024-01-09T15:50:33 IST" name="setUp" finished-at="2024-01-09T15:50:37 IST" duration-ms="4742" status="PASS">
          <reporter-output>
          </reporter-output>
        </test-method> <!-- setUp -->
        <test-method signature="ClickOnSignInButtonTest()[pri:3, instance:com.qa.testcases.SignInPageTest@75437611]" started-at="2024-01-09T15:50:37 IST" name="ClickOnSignInButtonTest" finished-at="2024-01-09T15:50:54 IST" duration-ms="16288" status="PASS">
          <reporter-output>
          </reporter-output>
        </test-method> <!-- ClickOnSignInButtonTest -->
        <test-method is-config="true" signature="tearDown()[pri:0, instance:com.qa.testcases.SignInPageTest@75437611]" started-at="2024-01-09T15:50:54 IST" name="tearDown" finished-at="2024-01-09T15:50:55 IST" duration-ms="1375" status="PASS">
          <reporter-output>
          </reporter-output>
        </test-method> <!-- tearDown -->
      </class> <!-- com.qa.testcases.SignInPageTest -->
    </test> <!-- Default test -->
  </suite> <!-- Default suite -->
</testng-results>
